Lmod has detected the following error: The following module(s) are unknown:
"epcc-job-env"

Please check the spelling or version number. Also try "module spider ..."
It is also possible your cache file is out-of-date; it may help to try:
  $ module --ignore_cache load "epcc-job-env"

Also make sure that all modulefiles written in TCL start with the string
#%Module




Lmod is automatically replacing "cce/15.0.0" with "gcc/11.2.0".


Lmod is automatically replacing "PrgEnv-cray/8.3.3" with "PrgEnv-gnu/8.3.3".


Due to MODULEPATH changes, the following have been reloaded:
  1) cray-mpich/8.1.23

/work/e05/e05/gabram/carmm/:/opt/cray/pe/python/3.9.13.1:/work/y07/shared/utils/core/bolt/0.8/modules
mkdir: cannot create directory ‘nn4_NAO-VCC-4Z’: File exists
mkdir: cannot create directory ‘nn4_NAO-VCC-4Z’: File exists
mkdir: cannot create directory ‘nn4_NAO-VCC-4Z’: File exists
mkdir: cannot create directory ‘nn4_NAO-VCC-4Z’: File exists
mkdir: cannot create directory ‘nn4_NAO-VCC-4Z’: File exists
mkdir: cannot create directory ‘nn4_NAO-VCC-4Z’: File exists
mkdir: cannot create directory ‘nn4_NAO-VCC-4Z’: File exists
mkdir: cannot create directory ‘nn4_NAO-VCC-4Z’: File exists
mkdir: cannot create directory ‘nn4_NAO-VCC-4Z’: File exists
mkdir: cannot create directory ‘nn4_NAO-VCC-4Z’: File exists
mkdir: cannot create directory ‘nn4_NAO-VCC-4Z’: File exists
mkdir: cannot create directory ‘nn4_NAO-VCC-4Z’: File exists
mkdir: cannot create directory ‘nn4_NAO-VCC-4Z’: File exists
mkdir: cannot create directory ‘nn4_NAO-VCC-4Z’: File exists
mkdir: cannot create directory ‘nn4_NAO-VCC-4Z’: File exists
mkdir: cannot create directory ‘nn4_NAO-VCC-4Z’: File exists

real	33m41.303s
user	0m0.038s
sys	0m0.042s

real	34m18.072s
user	0m0.039s
sys	0m0.062s

real	34m20.334s
user	0m0.044s
sys	0m0.078s

real	34m38.841s
user	0m0.039s
sys	0m0.069s

real	34m57.394s
user	0m0.031s
sys	0m0.058s

real	35m8.463s
user	0m0.050s
sys	0m0.094s

real	35m10.814s
user	0m0.026s
sys	0m0.057s

real	35m14.765s
user	0m0.054s
sys	0m0.076s

real	35m14.752s
user	0m0.033s
sys	0m0.053s

real	35m14.705s
user	0m0.039s
sys	0m0.047s

real	35m25.898s
user	0m0.044s
sys	0m0.043s

real	35m25.809s
user	0m0.041s
sys	0m0.045s

real	35m29.938s
user	0m0.017s
sys	0m0.057s

real	35m39.279s
user	0m0.032s
sys	0m0.035s

real	35m42.277s
user	0m0.020s
sys	0m0.046s

real	35m54.838s
user	0m0.028s
sys	0m0.039s
