Lmod has detected the following error: The following module(s) are unknown:
"epcc-job-env"

Please check the spelling or version number. Also try "module spider ..."
It is also possible your cache file is out-of-date; it may help to try:
  $ module --ignore_cache load "epcc-job-env"

Also make sure that all modulefiles written in TCL start with the string
#%Module




Lmod is automatically replacing "cce/15.0.0" with "gcc/11.2.0".


Lmod is automatically replacing "PrgEnv-cray/8.3.3" with "PrgEnv-gnu/8.3.3".


Due to MODULEPATH changes, the following have been reloaded:
  1) cray-mpich/8.1.23

/work/e05/e05/gabram/carmm/:/opt/cray/pe/python/3.9.13.1:/work/y07/shared/utils/core/bolt/0.8/modules
mkdir: cannot create directory ‘nn4_NAO-VCC-5Z’: File exists
mkdir: cannot create directory ‘nn4_NAO-VCC-5Z’: File exists
mkdir: cannot create directory ‘nn4_NAO-VCC-5Z’: File exists
mkdir: cannot create directory ‘nn4_NAO-VCC-5Z’: File exists
mkdir: cannot create directory ‘nn4_NAO-VCC-5Z’: File exists
mkdir: cannot create directory ‘nn4_NAO-VCC-5Z’: File exists
mkdir: cannot create directory ‘nn4_NAO-VCC-5Z’: File exists
mkdir: cannot create directory ‘nn4_NAO-VCC-5Z’: File exists
mkdir: cannot create directory ‘nn4_NAO-VCC-5Z’: File exists
mkdir: cannot create directory ‘nn4_NAO-VCC-5Z’: File exists
mkdir: cannot create directory ‘nn4_NAO-VCC-5Z’: File exists
mkdir: cannot create directory ‘nn4_NAO-VCC-5Z’: File exists
mkdir: cannot create directory ‘nn4_NAO-VCC-5Z’: File exists
mkdir: cannot create directory ‘nn4_NAO-VCC-5Z’: File exists
mkdir: cannot create directory ‘nn4_NAO-VCC-5Z’: File exists
mkdir: cannot create directory ‘nn4_NAO-VCC-5Z’: File exists

real	124m34.082s
user	0m0.030s
sys	0m0.072s

real	126m18.947s
user	0m0.029s
sys	0m0.066s

real	127m38.242s
user	0m0.054s
sys	0m0.127s

real	130m39.782s
user	0m0.038s
sys	0m0.049s

real	130m44.750s
user	0m0.048s
sys	0m0.052s

real	130m45.870s
user	0m0.029s
sys	0m0.108s

real	131m38.243s
user	0m0.049s
sys	0m0.101s

real	132m14.659s
user	0m0.012s
sys	0m0.071s

real	134m22.920s
user	0m0.037s
sys	0m0.064s

real	134m31.813s
user	0m0.044s
sys	0m0.048s

real	135m26.605s
user	0m0.023s
sys	0m0.062s

real	138m10.704s
user	0m0.055s
sys	0m0.090s

real	139m21.199s
user	0m0.033s
sys	0m0.073s

real	140m5.267s
user	0m0.033s
sys	0m0.036s

real	140m24.166s
user	0m0.027s
sys	0m0.023s

real	143m50.740s
user	0m0.017s
sys	0m0.030s
