Lmod has detected the following error: The following module(s) are unknown:
"epcc-job-env"

Please check the spelling or version number. Also try "module spider ..."
It is also possible your cache file is out-of-date; it may help to try:
  $ module --ignore_cache load "epcc-job-env"

Also make sure that all modulefiles written in TCL start with the string
#%Module




Lmod is automatically replacing "cce/15.0.0" with "gcc/11.2.0".


Lmod is automatically replacing "PrgEnv-cray/8.3.3" with "PrgEnv-gnu/8.3.3".


Due to MODULEPATH changes, the following have been reloaded:
  1) cray-mpich/8.1.23

/work/e05/e05/gabram/carmm/:/opt/cray/pe/python/3.9.13.1:/work/y07/shared/utils/core/bolt/0.8/modules
mkdir: cannot create directory ‘nn0_NAO-VCC-4Z’: File exists
mkdir: cannot create directory ‘nn0_NAO-VCC-4Z’: File exists
mkdir: cannot create directory ‘nn0_NAO-VCC-4Z’: File exists
mkdir: cannot create directory ‘nn0_NAO-VCC-4Z’: File exists
mkdir: cannot create directory ‘nn0_NAO-VCC-4Z’: File exists
mkdir: cannot create directory ‘nn0_NAO-VCC-4Z’: File exists
mkdir: cannot create directory ‘nn0_NAO-VCC-4Z’: File exists
mkdir: cannot create directory ‘nn0_NAO-VCC-4Z’: File exists

real	3m23.313s
user	0m0.031s
sys	0m0.026s

real	3m25.863s
user	0m0.031s
sys	0m0.017s

real	3m27.255s
user	0m0.038s
sys	0m0.009s

real	3m34.337s
user	0m0.037s
sys	0m0.017s

real	3m36.375s
user	0m0.036s
sys	0m0.024s

real	3m39.178s
user	0m0.032s
sys	0m0.022s

real	3m44.574s
user	0m0.025s
sys	0m0.033s

real	3m49.978s
user	0m0.034s
sys	0m0.024s
