Lmod has detected the following error: The following module(s) are unknown:
"epcc-job-env"

Please check the spelling or version number. Also try "module spider ..."
It is also possible your cache file is out-of-date; it may help to try:
  $ module --ignore_cache load "epcc-job-env"

Also make sure that all modulefiles written in TCL start with the string
#%Module




Lmod is automatically replacing "cce/15.0.0" with "gcc/11.2.0".


Lmod is automatically replacing "PrgEnv-cray/8.3.3" with "PrgEnv-gnu/8.3.3".


Due to MODULEPATH changes, the following have been reloaded:
  1) cray-mpich/8.1.23

/work/e05/e05/gabram/carmm/:/opt/cray/pe/python/3.9.13.1:/work/y07/shared/utils/core/bolt/0.8/modules
mkdir: cannot create directory ‘nn0_NAO-VCC-4Z’: File exists
mkdir: cannot create directory ‘nn0_NAO-VCC-4Z’: File exists
mkdir: cannot create directory ‘nn0_NAO-VCC-4Z’: File exists
mkdir: cannot create directory ‘nn0_NAO-VCC-4Z’: File exists
mkdir: cannot create directory ‘nn0_NAO-VCC-4Z’: File exists
mkdir: cannot create directory ‘nn0_NAO-VCC-4Z’: File exists
mkdir: cannot create directory ‘nn0_NAO-VCC-4Z’: File exists
mkdir: cannot create directory ‘nn0_NAO-VCC-4Z’: File exists

real	2m44.369s
user	0m0.025s
sys	0m0.033s

real	2m45.132s
user	0m0.038s
sys	0m0.010s

real	2m46.353s
user	0m0.036s
sys	0m0.016s

real	2m46.379s
user	0m0.024s
sys	0m0.029s

real	2m51.876s
user	0m0.022s
sys	0m0.028s

real	2m52.792s
user	0m0.029s
sys	0m0.020s

real	2m53.192s
user	0m0.033s
sys	0m0.020s

real	2m55.241s
user	0m0.027s
sys	0m0.029s
