Lmod has detected the following error: The following module(s) are unknown:
"epcc-job-env"

Please check the spelling or version number. Also try "module spider ..."
It is also possible your cache file is out-of-date; it may help to try:
  $ module --ignore_cache load "epcc-job-env"

Also make sure that all modulefiles written in TCL start with the string
#%Module




Lmod is automatically replacing "cce/15.0.0" with "gcc/11.2.0".


Lmod is automatically replacing "PrgEnv-cray/8.3.3" with "PrgEnv-gnu/8.3.3".


Due to MODULEPATH changes, the following have been reloaded:
  1) cray-mpich/8.1.23

/work/e05/e05/gabram/carmm/:/opt/cray/pe/python/3.9.13.1:/work/y07/shared/utils/core/bolt/0.8/modules
mkdir: cannot create directory ‘nn0_NAO-VCC-5Z’: File exists
mkdir: cannot create directory ‘nn0_NAO-VCC-5Z’: File exists
mkdir: cannot create directory ‘nn0_NAO-VCC-5Z’: File exists
mkdir: cannot create directory ‘nn0_NAO-VCC-5Z’: File exists
mkdir: cannot create directory ‘nn0_NAO-VCC-5Z’: File exists
mkdir: cannot create directory ‘nn0_NAO-VCC-5Z’: File exists
mkdir: cannot create directory ‘nn0_NAO-VCC-5Z’: File exists
mkdir: cannot create directory ‘nn0_NAO-VCC-5Z’: File exists

real	13m24.911s
user	0m0.039s
sys	0m0.013s

real	13m36.565s
user	0m0.029s
sys	0m0.045s

real	13m54.330s
user	0m0.027s
sys	0m0.036s

real	13m55.062s
user	0m0.045s
sys	0m0.011s

real	13m55.175s
user	0m0.027s
sys	0m0.031s

real	13m59.343s
user	0m0.027s
sys	0m0.037s

real	14m32.867s
user	0m0.021s
sys	0m0.026s

real	15m24.380s
user	0m0.035s
sys	0m0.016s
