Lmod has detected the following error: The following module(s) are unknown:
"epcc-job-env"

Please check the spelling or version number. Also try "module spider ..."
It is also possible your cache file is out-of-date; it may help to try:
  $ module --ignore_cache load "epcc-job-env"

Also make sure that all modulefiles written in TCL start with the string
#%Module




Lmod is automatically replacing "cce/15.0.0" with "gcc/11.2.0".


Lmod is automatically replacing "PrgEnv-cray/8.3.3" with "PrgEnv-gnu/8.3.3".


Due to MODULEPATH changes, the following have been reloaded:
  1) cray-mpich/8.1.23

/work/e05/e05/gabram/carmm/:/opt/cray/pe/python/3.9.13.1:/work/y07/shared/utils/core/bolt/0.8/modules
mkdir: cannot create directory ‘nn0_NAO-VCC-3Z’: File exists
mkdir: cannot create directory ‘nn0_NAO-VCC-3Z’: File exists
mkdir: cannot create directory ‘nn0_NAO-VCC-3Z’: File exists
mkdir: cannot create directory ‘nn0_NAO-VCC-3Z’: File exists
mkdir: cannot create directory ‘nn0_NAO-VCC-3Z’: File exists
mkdir: cannot create directory ‘nn0_NAO-VCC-3Z’: File exists
mkdir: cannot create directory ‘nn0_NAO-VCC-3Z’: File exists
mkdir: cannot create directory ‘nn0_NAO-VCC-3Z’: File exists

real	1m1.150s
user	0m0.022s

real	1m1.128s
user	0m0.026s
sys	0m0.060s
sys	0m0.059s

real	1m1.119s
user	0m0.023s

real	1m1.172s
user	0m0.034s
sys	0m0.059s

real	1m1.162s
user	0m0.034s
sys	0m0.053s
sys	0m0.048s

real	1m1.140s
user	0m0.024s
sys	0m0.057s

real	1m1.322s
user	0m0.020s
sys	0m0.071s

real	1m2.096s
user	0m0.022s
sys	0m0.062s
