Lmod has detected the following error: The following module(s) are unknown:
"epcc-job-env"

Please check the spelling or version number. Also try "module spider ..."
It is also possible your cache file is out-of-date; it may help to try:
  $ module --ignore_cache load "epcc-job-env"

Also make sure that all modulefiles written in TCL start with the string
#%Module




Lmod is automatically replacing "cce/15.0.0" with "gcc/11.2.0".


Lmod is automatically replacing "PrgEnv-cray/8.3.3" with "PrgEnv-gnu/8.3.3".


Due to MODULEPATH changes, the following have been reloaded:
  1) cray-mpich/8.1.23

/work/e05/e05/gabram/carmm/:/opt/cray/pe/python/3.9.13.1:/work/y07/shared/utils/core/bolt/0.8/modules
mkdir: cannot create directory ‘nn0_NAO-VCC-3Z’: File exists
mkdir: cannot create directory ‘nn0_NAO-VCC-3Z’: File exists
mkdir: cannot create directory ‘nn0_NAO-VCC-3Z’: File exists
mkdir: cannot create directory ‘nn0_NAO-VCC-3Z’: File exists
mkdir: cannot create directory ‘nn0_NAO-VCC-3Z’: File exists
mkdir: cannot create directory ‘nn0_NAO-VCC-3Z’: File exists
mkdir: cannot create directory ‘nn0_NAO-VCC-3Z’: File exists

real	1m3.383s
user	0m0.031s

real	1m3.373s
user	0m0.033s
sys	0m0.070s
sys	0m0.067s

real	1m3.349s
user	0m0.022s
sys	0m0.068s

real	1m3.367s
user	0m0.019s
sys	0m0.075s

real	1m3.361s
user	0m0.017s
sys	0m0.077s

real	1m3.408s
user	0m0.031s
sys	0m0.067s

real	1m3.303s
user	0m0.030s
sys	0m0.065s

real	1m3.498s
user	0m0.034s
sys	0m0.040s
