Lmod has detected the following error: The following module(s) are unknown:
"epcc-job-env"

Please check the spelling or version number. Also try "module spider ..."
It is also possible your cache file is out-of-date; it may help to try:
  $ module --ignore_cache load "epcc-job-env"

Also make sure that all modulefiles written in TCL start with the string
#%Module




Lmod is automatically replacing "cce/15.0.0" with "gcc/11.2.0".


Lmod is automatically replacing "PrgEnv-cray/8.3.3" with "PrgEnv-gnu/8.3.3".


Due to MODULEPATH changes, the following have been reloaded:
  1) cray-mpich/8.1.23

/work/e05/e05/gabram/carmm/:/opt/cray/pe/python/3.9.13.1:/work/y07/shared/utils/core/bolt/0.8/modules
mkdir: cannot create directory ‘nn2_NAO-VCC-3Z’: File exists
mkdir: cannot create directory ‘nn2_NAO-VCC-3Z’: File exists
mkdir: cannot create directory ‘nn2_NAO-VCC-3Z’: File exists
mkdir: cannot create directory ‘nn2_NAO-VCC-3Z’: File exists
mkdir: cannot create directory ‘nn2_NAO-VCC-3Z’: File exists
mkdir: cannot create directory ‘nn2_NAO-VCC-3Z’: File exists
mkdir: cannot create directory ‘nn2_NAO-VCC-3Z’: File exists
mkdir: cannot create directory ‘nn2_NAO-VCC-3Z’: File exists
mkdir: cannot create directory ‘nn2_NAO-VCC-3Z’: File exists
mkdir: cannot create directory ‘nn2_NAO-VCC-3Z’: File exists
mkdir: cannot create directory ‘nn2_NAO-VCC-3Z’: File exists
mkdir: cannot create directory ‘nn2_NAO-VCC-3Z’: File exists
mkdir: cannot create directory ‘nn2_NAO-VCC-3Z’: File exists
mkdir: cannot create directory ‘nn2_NAO-VCC-3Z’: File exists
mkdir: cannot create directory ‘nn2_NAO-VCC-3Z’: File exists
mkdir: cannot create directory ‘nn2_NAO-VCC-3Z’: File exists

real	1m8.506s
user	0m0.032s
sys	0m0.041s

real	1m8.457s
user	0m0.034s

real	1m8.549s
user	0m0.040s
sys	0m0.044s

real	1m8.490s
user	0m0.027s

real	1m8.479s
user	0m0.054s

real	1m8.537s
user	0m0.037s

real	1m8.468s
user	0m0.038s
sys	0m0.048s

real	1m8.525s
user	0m0.043s

real	1m8.514s
user	0m0.032s
sys	0m0.029s
sys	0m0.060s
sys	0m0.068s
sys	0m0.057s

real	1m8.501s
user	0m0.029s
sys	0m0.052s
sys	0m0.061s

real	1m8.572s
user	0m0.037s
sys	0m0.045s
sys	0m0.072s

real	1m8.874s
user	0m0.049s
sys	0m0.018s

real	1m9.031s
user	0m0.028s
sys	0m0.039s

real	1m9.125s
user	0m0.026s
sys	0m0.043s

real	1m9.145s
user	0m0.029s
sys	0m0.039s

real	1m10.071s
user	0m0.025s
sys	0m0.047s
