Lmod has detected the following error: The following module(s) are unknown:
"epcc-job-env"

Please check the spelling or version number. Also try "module spider ..."
It is also possible your cache file is out-of-date; it may help to try:
  $ module --ignore_cache load "epcc-job-env"

Also make sure that all modulefiles written in TCL start with the string
#%Module




Lmod is automatically replacing "cce/15.0.0" with "gcc/11.2.0".


Lmod is automatically replacing "PrgEnv-cray/8.3.3" with "PrgEnv-gnu/8.3.3".


Due to MODULEPATH changes, the following have been reloaded:
  1) cray-mpich/8.1.23

/work/e05/e05/gabram/carmm/:/opt/cray/pe/python/3.9.13.1:/work/y07/shared/utils/core/bolt/0.8/modules
mkdir: cannot create directory ‘nn0_NAO-VCC-3Z’: File exists
mkdir: cannot create directory ‘nn0_NAO-VCC-3Z’: File exists
mkdir: cannot create directory ‘nn0_NAO-VCC-3Z’: File exists
mkdir: cannot create directory ‘nn0_NAO-VCC-3Z’: File exists
mkdir: cannot create directory ‘nn0_NAO-VCC-3Z’: File exists
mkdir: cannot create directory ‘nn0_NAO-VCC-3Z’: File exists
mkdir: cannot create directory ‘nn0_NAO-VCC-3Z’: File exists
mkdir: cannot create directory ‘nn0_NAO-VCC-3Z’: File exists

real	1m1.647s
user	0m0.045s
sys	0m0.076s

real	1m1.845s
user	0m0.040s
sys	0m0.083s

real	1m2.404s
user	0m0.051s
sys	0m0.072s

real	1m2.667s
user	0m0.041s
sys	0m0.067s

real	1m2.971s
user	0m0.041s
sys	0m0.058s

real	1m2.951s
user	0m0.042s
sys	0m0.058s

real	1m3.304s
user	0m0.038s
sys	0m0.076s

real	1m3.472s
user	0m0.051s
sys	0m0.061s
