Lmod has detected the following error: The following module(s) are unknown:
"epcc-job-env"

Please check the spelling or version number. Also try "module spider ..."
It is also possible your cache file is out-of-date; it may help to try:
  $ module --ignore_cache load "epcc-job-env"

Also make sure that all modulefiles written in TCL start with the string
#%Module




Lmod is automatically replacing "cce/15.0.0" with "gcc/11.2.0".


Lmod is automatically replacing "PrgEnv-cray/8.3.3" with "PrgEnv-gnu/8.3.3".


Due to MODULEPATH changes, the following have been reloaded:
  1) cray-mpich/8.1.23

/work/e05/e05/gabram/carmm/:/opt/cray/pe/python/3.9.13.1:/work/y07/shared/utils/core/bolt/0.8/modules
mkdir: cannot create directory ‘nn4_NAO-VCC-3Z’: File exists
mkdir: cannot create directory ‘nn4_NAO-VCC-3Z’: File exists
mkdir: cannot create directory ‘nn4_NAO-VCC-3Z’: File exists
mkdir: cannot create directory ‘nn4_NAO-VCC-3Z’: File exists
mkdir: cannot create directory ‘nn4_NAO-VCC-3Z’: File exists
mkdir: cannot create directory ‘nn4_NAO-VCC-3Z’: File exists
mkdir: cannot create directory ‘nn4_NAO-VCC-3Z’: File exists
mkdir: cannot create directory ‘nn4_NAO-VCC-3Z’: File exists
mkdir: cannot create directory ‘nn4_NAO-VCC-3Z’: File exists
mkdir: cannot create directory ‘nn4_NAO-VCC-3Z’: File exists
mkdir: cannot create directory ‘nn4_NAO-VCC-3Z’: File exists
mkdir: cannot create directory ‘nn4_NAO-VCC-3Z’: File exists
mkdir: cannot create directory ‘nn4_NAO-VCC-3Z’: File exists
mkdir: cannot create directory ‘nn4_NAO-VCC-3Z’: File exists
mkdir: cannot create directory ‘nn4_NAO-VCC-3Z’: File exists
mkdir: cannot create directory ‘nn4_NAO-VCC-3Z’: File exists

real	1m7.395s
user	0m0.031s

real	1m7.406s
user	0m0.042s
sys	0m0.051s
sys	0m0.045s

real	1m7.422s
user	0m0.036s
sys	0m0.051s

real	1m7.451s
user	0m0.028s
sys	0m0.050s

real	1m7.441s
user	0m0.024s
sys	0m0.057s

real	1m7.515s
user	0m0.036s
sys	0m0.048s

real	1m7.966s
user	0m0.038s
sys	0m0.051s

real	1m8.061s
user	0m0.035s
sys	0m0.050s

real	1m8.192s
user	0m0.041s
sys	0m0.048s

real	1m8.931s
user	0m0.032s
sys	0m0.059s

real	1m9.012s
user	0m0.039s
sys	0m0.047s

real	1m9.155s
user	0m0.042s
sys	0m0.031s

real	1m10.268s
user	0m0.027s
sys	0m0.040s

real	1m10.680s
user	0m0.033s
sys	0m0.033s

real	1m10.790s
user	0m0.029s
sys	0m0.037s

real	1m10.976s
user	0m0.025s
sys	0m0.049s
